
ROM used: 321 (4%)
          321 (4%) including unused fragments

          1 Average locations per line
          3 Average locations per statement

RAM used: 9 (2%) at main() level
          11 (3%) worst case

Stack used: 3 worst case (out of 8 total available)

Lines Stmts  %   Files
----- ----- ---  -----
   20     6   5  main.c
  273     0   0  ..\..\..\..\ARQUIV~1\PICC\devices\16f876a.h
  179   105  88  lcd_modificado.c
   15     8   7  Funçoes.c
----- -----
  487   119 Total

Page ROM  %  RAM   Vol Diff  Functions:
---- --- --- ---   --- ----  ----------
0     21   7   1             @delay_ms1
0     51  16   0   352  1.4  inicializa_lcd
0     75  23   1   500  2.9  lcd_inst4
0    133  41   1  1021  2.9  lcd_inst
0     37  12   2   169  4.0  MAIN

Program metrics:
    Functions               4
    Statements              119
    Comments                143
    Volume (V)              2685
    Difficilty (D)          11.4
    Effort to implement (E) 30529
    Time to implement (T)   28 minutes
    Est Delivered Bugs (B)  0
    Cyclomatic Complexity   13
    Maintainability (MI)    90

 Segment     Used  Free
-----------  ----  ----
00000-00003     4  0  
00004-007FF   317  1727  
00800-00FFF     0  2048  
01000-017FF     0  2048  
01800-01FFF     0  2048  



